android/app/build/intermediates/manifest_merge_blame_file/debug/manifest-merger-blame-debug-report.txt
1<?xml version="1.0" encoding="utf-8"?>
2<manifest xmlns:android="http://schemas.android.com/apk/res/android"
3    package="com.rnyogameditation"
4    android:versionCode="1"
5    android:versionName="1.0" >
6
7    <uses-sdk
8        android:minSdkVersion="21"
9        android:targetSdkVersion="30" />
10
11    <uses-permission android:name="android.permission.SYSTEM_ALERT_WINDOW" />
11-->src/debug/AndroidManifest.xml:5:5-77
11-->src/debug/AndroidManifest.xml:5:22-75
12    <uses-permission android:name="android.permission.INTERNET" />
12-->src/main/AndroidManifest.xml:4:5-67
12-->src/main/AndroidManifest.xml:4:22-64
13    <uses-permission android:name="android.permission.ACCESS_WIFI_STATE" />
13-->[com.facebook.flipper:flipper:0.99.0] AndroidManifest.xml:16:5-76
13-->[com.facebook.flipper:flipper:0.99.0] AndroidManifest.xml:16:22-73
14    <uses-permission android:name="android.permission.WAKE_LOCK" />
14-->[:react-native-firebase_dynamic-links] AndroidManifest.xml:10:5-68
14-->[:react-native-firebase_dynamic-links] AndroidManifest.xml:10:22-65
15    <uses-permission android:name="android.permission.ACCESS_NETWORK_STATE" />
15-->[:react-native-firebase_dynamic-links] AndroidManifest.xml:11:5-79
15-->[:react-native-firebase_dynamic-links] AndroidManifest.xml:11:22-76
16    <uses-permission android:name="com.google.android.gms.permission.AD_ID" /> <!-- Required by older versions of Google Play services to create IID tokens -->
16-->[com.google.android.gms:play-services-measurement-api:20.1.1] AndroidManifest.xml:25:5-79
16-->[com.google.android.gms:play-services-measurement-api:20.1.1] AndroidManifest.xml:25:22-76
17    <uses-permission android:name="com.google.android.c2dm.permission.RECEIVE" />
17-->[com.google.android.gms:play-services-iid:17.0.0] AndroidManifest.xml:23:5-82
17-->[com.google.android.gms:play-services-iid:17.0.0] AndroidManifest.xml:23:22-79
18    <uses-permission android:name="com.google.android.finsky.permission.BIND_GET_INSTALL_REFERRER_SERVICE" />
18-->[com.google.android.gms:play-services-measurement:20.1.1] AndroidManifest.xml:26:5-110
18-->[com.google.android.gms:play-services-measurement:20.1.1] AndroidManifest.xml:26:22-107
19
20    <application
20-->src/main/AndroidManifest.xml:6:5-25:19
21        android:name="com.rnyogameditation.MainApplication"
21-->src/main/AndroidManifest.xml:7:7-38
22        android:allowBackup="false"
22-->src/main/AndroidManifest.xml:11:7-34
23        android:appComponentFactory="androidx.core.app.CoreComponentFactory"
23-->[androidx.core:core:1.6.0] AndroidManifest.xml:24:18-86
24        android:debuggable="true"
25        android:icon="@mipmap/ic_launcher"
25-->src/main/AndroidManifest.xml:9:7-41
26        android:label="@string/app_name"
26-->src/main/AndroidManifest.xml:8:7-39
27        android:roundIcon="@mipmap/ic_launcher_round"
27-->src/main/AndroidManifest.xml:10:7-52
28        android:theme="@style/AppTheme"
28-->src/main/AndroidManifest.xml:13:7-38
29        android:usesCleartextTraffic="true" >
29-->src/main/AndroidManifest.xml:12:7-42
30        <activity android:name="com.facebook.react.devsupport.DevSettingsActivity" />
30-->src/debug/AndroidManifest.xml:11:9-86
30-->src/debug/AndroidManifest.xml:11:19-83
31        <activity
31-->src/main/AndroidManifest.xml:14:7-24:18
32            android:name="com.rnyogameditation.MainActivity"
32-->src/main/AndroidManifest.xml:15:9-37
33            android:configChanges="keyboard|keyboardHidden|orientation|screenSize|uiMode"
33-->src/main/AndroidManifest.xml:17:9-86
34            android:label="@string/app_name"
34-->src/main/AndroidManifest.xml:16:9-41
35            android:launchMode="singleTask"
35-->src/main/AndroidManifest.xml:18:9-40
36            android:windowSoftInputMode="adjustPan" >
36-->src/main/AndroidManifest.xml:19:9-48
37            <intent-filter>
37-->src/main/AndroidManifest.xml:20:9-23:25
38                <action android:name="android.intent.action.MAIN" />
38-->src/main/AndroidManifest.xml:21:13-65
38-->src/main/AndroidManifest.xml:21:21-62
39
40                <category android:name="android.intent.category.LAUNCHER" />
40-->src/main/AndroidManifest.xml:22:13-73
40-->src/main/AndroidManifest.xml:22:23-70
41            </intent-filter>
42        </activity>
43
44        <meta-data
44-->[:react-native-firebase_app] AndroidManifest.xml:10:9-12:36
45            android:name="app_data_collection_default_enabled"
45-->[:react-native-firebase_app] AndroidManifest.xml:11:13-63
46            android:value="true" />
46-->[:react-native-firebase_app] AndroidManifest.xml:12:13-33
47
48        <service
48-->[:react-native-firebase_app] AndroidManifest.xml:14:9-18:19
49            android:name="com.google.firebase.components.ComponentDiscoveryService"
49-->[:react-native-firebase_app] AndroidManifest.xml:14:18-89
50            android:directBootAware="true"
50-->[com.google.firebase:firebase-common:20.1.0] AndroidManifest.xml:35:13-43
51            android:exported="false" >
51-->[com.google.firebase:firebase-dynamic-links:21.0.1] AndroidManifest.xml:26:13-37
52            <meta-data
52-->[:react-native-firebase_app] AndroidManifest.xml:15:13-17:85
53                android:name="com.google.firebase.components:io.invertase.firebase.app.ReactNativeFirebaseAppRegistrar"
53-->[:react-native-firebase_app] AndroidManifest.xml:16:17-120
54                android:value="com.google.firebase.components.ComponentRegistrar" />
54-->[:react-native-firebase_app] AndroidManifest.xml:17:17-82
55            <meta-data
55-->[com.google.firebase:firebase-dynamic-links:21.0.1] AndroidManifest.xml:27:13-29:85
56                android:name="com.google.firebase.components:com.google.firebase.dynamiclinks.internal.FirebaseDynamicLinkRegistrar"
56-->[com.google.firebase:firebase-dynamic-links:21.0.1] AndroidManifest.xml:28:17-133
57                android:value="com.google.firebase.components.ComponentRegistrar" />
57-->[com.google.firebase:firebase-dynamic-links:21.0.1] AndroidManifest.xml:29:17-82
58            <meta-data
58-->[com.google.android.gms:play-services-measurement-api:20.1.1] AndroidManifest.xml:31:13-33:85
59                android:name="com.google.firebase.components:com.google.firebase.analytics.connector.internal.AnalyticsConnectorRegistrar"
59-->[com.google.android.gms:play-services-measurement-api:20.1.1] AndroidManifest.xml:32:17-139
60                android:value="com.google.firebase.components.ComponentRegistrar" />
60-->[com.google.android.gms:play-services-measurement-api:20.1.1] AndroidManifest.xml:33:17-82
61            <meta-data
61-->[com.google.firebase:firebase-installations:17.0.1] AndroidManifest.xml:18:13-20:85
62                android:name="com.google.firebase.components:com.google.firebase.installations.FirebaseInstallationsRegistrar"
62-->[com.google.firebase:firebase-installations:17.0.1] AndroidManifest.xml:19:17-127
63                android:value="com.google.firebase.components.ComponentRegistrar" />
63-->[com.google.firebase:firebase-installations:17.0.1] AndroidManifest.xml:20:17-82
64        </service>
65
66        <provider
66-->[:react-native-firebase_app] AndroidManifest.xml:20:9-24:38
67            android:name="io.invertase.firebase.app.ReactNativeFirebaseAppInitProvider"
67-->[:react-native-firebase_app] AndroidManifest.xml:21:13-88
68            android:authorities="com.rnyogameditation.reactnativefirebaseappinitprovider"
68-->[:react-native-firebase_app] AndroidManifest.xml:22:13-86
69            android:exported="false"
69-->[:react-native-firebase_app] AndroidManifest.xml:23:13-37
70            android:initOrder="99" />
70-->[:react-native-firebase_app] AndroidManifest.xml:24:13-35
71        <provider
71-->[com.google.firebase:firebase-common:20.1.0] AndroidManifest.xml:26:9-31:39
72            android:name="com.google.firebase.provider.FirebaseInitProvider"
72-->[com.google.firebase:firebase-common:20.1.0] AndroidManifest.xml:27:13-77
73            android:authorities="com.rnyogameditation.firebaseinitprovider"
73-->[com.google.firebase:firebase-common:20.1.0] AndroidManifest.xml:28:13-72
74            android:directBootAware="true"
74-->[com.google.firebase:firebase-common:20.1.0] AndroidManifest.xml:29:13-43
75            android:exported="false"
75-->[com.google.firebase:firebase-common:20.1.0] AndroidManifest.xml:30:13-37
76            android:initOrder="100" />
76-->[com.google.firebase:firebase-common:20.1.0] AndroidManifest.xml:31:13-36
77
78        <activity
78-->[com.google.android.gms:play-services-auth:20.1.0] AndroidManifest.xml:23:9-27:75
79            android:name="com.google.android.gms.auth.api.signin.internal.SignInHubActivity"
79-->[com.google.android.gms:play-services-auth:20.1.0] AndroidManifest.xml:24:13-93
80            android:excludeFromRecents="true"
80-->[com.google.android.gms:play-services-auth:20.1.0] AndroidManifest.xml:25:13-46
81            android:exported="false"
81-->[com.google.android.gms:play-services-auth:20.1.0] AndroidManifest.xml:26:13-37
82            android:theme="@android:style/Theme.Translucent.NoTitleBar" />
82-->[com.google.android.gms:play-services-auth:20.1.0] AndroidManifest.xml:27:13-72
83        <!--
84            Service handling Google Sign-In user revocation. For apps that do not integrate with
85            Google Sign-In, this service will never be started.
86        -->
87        <service
87-->[com.google.android.gms:play-services-auth:20.1.0] AndroidManifest.xml:33:9-37:51
88            android:name="com.google.android.gms.auth.api.signin.RevocationBoundService"
88-->[com.google.android.gms:play-services-auth:20.1.0] AndroidManifest.xml:34:13-89
89            android:exported="true"
89-->[com.google.android.gms:play-services-auth:20.1.0] AndroidManifest.xml:35:13-36
90            android:permission="com.google.android.gms.auth.api.signin.permission.REVOCATION_NOTIFICATION"
90-->[com.google.android.gms:play-services-auth:20.1.0] AndroidManifest.xml:36:13-107
91            android:visibleToInstantApps="true" />
91-->[com.google.android.gms:play-services-auth:20.1.0] AndroidManifest.xml:37:13-48
92
93        <activity
93-->[com.google.android.gms:play-services-base:18.0.1] AndroidManifest.xml:20:9-22:45
94            android:name="com.google.android.gms.common.api.GoogleApiActivity"
94-->[com.google.android.gms:play-services-base:18.0.1] AndroidManifest.xml:20:19-85
95            android:exported="false"
95-->[com.google.android.gms:play-services-base:18.0.1] AndroidManifest.xml:22:19-43
96            android:theme="@android:style/Theme.Translucent.NoTitleBar" />
96-->[com.google.android.gms:play-services-base:18.0.1] AndroidManifest.xml:21:19-78
97
98        <receiver
98-->[com.google.android.gms:play-services-measurement:20.1.1] AndroidManifest.xml:29:9-33:20
99            android:name="com.google.android.gms.measurement.AppMeasurementReceiver"
99-->[com.google.android.gms:play-services-measurement:20.1.1] AndroidManifest.xml:30:13-85
100            android:enabled="true"
100-->[com.google.android.gms:play-services-measurement:20.1.1] AndroidManifest.xml:31:13-35
101            android:exported="false" >
101-->[com.google.android.gms:play-services-measurement:20.1.1] AndroidManifest.xml:32:13-37
102        </receiver>
103
104        <service
104-->[com.google.android.gms:play-services-measurement:20.1.1] AndroidManifest.xml:35:9-38:40
105            android:name="com.google.android.gms.measurement.AppMeasurementService"
105-->[com.google.android.gms:play-services-measurement:20.1.1] AndroidManifest.xml:36:13-84
106            android:enabled="true"
106-->[com.google.android.gms:play-services-measurement:20.1.1] AndroidManifest.xml:37:13-35
107            android:exported="false" />
107-->[com.google.android.gms:play-services-measurement:20.1.1] AndroidManifest.xml:38:13-37
108        <service
108-->[com.google.android.gms:play-services-measurement:20.1.1] AndroidManifest.xml:39:9-43:72
109            android:name="com.google.android.gms.measurement.AppMeasurementJobService"
109-->[com.google.android.gms:play-services-measurement:20.1.1] AndroidManifest.xml:40:13-87
110            android:enabled="true"
110-->[com.google.android.gms:play-services-measurement:20.1.1] AndroidManifest.xml:41:13-35
111            android:exported="false"
111-->[com.google.android.gms:play-services-measurement:20.1.1] AndroidManifest.xml:42:13-37
112            android:permission="android.permission.BIND_JOB_SERVICE" />
112-->[com.google.android.gms:play-services-measurement:20.1.1] AndroidManifest.xml:43:13-69
113
114        <meta-data
114-->[com.google.android.gms:play-services-basement:18.0.0] AndroidManifest.xml:21:9-23:69
115            android:name="com.google.android.gms.version"
115-->[com.google.android.gms:play-services-basement:18.0.0] AndroidManifest.xml:22:13-58
116            android:value="@integer/google_play_services_version" />
116-->[com.google.android.gms:play-services-basement:18.0.0] AndroidManifest.xml:23:13-66
117    </application>
118
119</manifest>